[   0.0000] Initializin cou subsys cpuset
[    0.000000] Initializing cgroup subsys cpu
[    0.000000] Initializing cgroup subsys cpuacct
[    0.000000] Linux version 4.4.0-137-generic (buildd@lgw01-amd64-037) (gcc version 5.4.0 20160609 (Ubuntu 5.4.0-6ubuntu1~16.04.10) ) #163-Ubuntu SMP Mon Sep 24 13:14:43 UTC 2018 (Ubuntu 4.4.0-137.163-generic 4.4.144)
[    0.000000] Command line: BOOT_IMAGE=/boot/vmlinuz-4.4.0-137-generic root=LABEL=cloudimg-rootfro console=tt1 nsolttyS0
  .00000 KNE supprt cs:
[  000000] Inl enuineIntel
[    0.000000]   MDAuthenticAMD   0.000000]   CeauCentarHls
[    0.000000] x86/fpu: xstate_offset[2]:  576, xstate_sizes[2]:  256
[    0.000000] x86/fpu: Supporting XSAVE feature 0x01: 'x87 floating point registers'
[    0.000000] x86/fpu: Supporting XSAVE feature 0x02:SSregisters'
[    0.000000] x86/fpu: Supporting XSAVE feate 04: 'AVX registers'
[  0000000] x86/fpu: Enabled xstate features 0x7, context size is 832 bytes, using 'standard' format.
[    0.000000] e820: BIOS-provided physical RAM map:
[    0.000000] BIOS-e820[m 0x000000000000-0x000000000009fbff] usable
[    0.000000] BIOS-e820: [mem 0x000000000009fc00-0x000000000009ffff] seed
[  0.000] BIOe8: memx000000000f0000-0x00000000000fffff] reserved
[    0.000000] BIOS-e820: [mem 0x0000000000100000-0x000000003ffeffff] usable
[    0.000000] BIOS-e820: [mem 0x000000003fff0000-0x000000003fffffff] ACPI data
[    0.000000] BIOS-e820: [mem 0x00000000fec00000-0x00000000fec00fff] reserved
[    0.000000] BIOS-e820: [mem 0x0000000fee00000-0x00000000fee00fff] reserved
[    0.000000] BIOS-e820: em 0x00000fffc0000-0x00000000ffffffff] reserved
[    0.000000] NX (Execute Disable) protection: active
[    0.000000] SMBIOS 2.5 present.
[    0.000000] Hypervisor detected: KVM
[    0.000000] e820: last_pfn = 0x3fff0 max_arch_pfn = 0x400000000
[    0.000000] MTRR: Disabled
[    0.000000] x86/PAT: MTRRs disabled, skipping PAT initialization too.
[    0.000000] CPU MTRRs all blank - virtualized system.
[    0.000000] x86/PAT: Configuration [0-7]: WB  WT  UC- UC  WB  WT  UC- UC  
[    0.000000] found SMP MP-table at [mem 0x0009fff0-0x0009ffff] mapped at [ffff88000009fff0]
[    0.000000] Scanning 1 areas for low memory corruption
[    0.000000] RAMDISK: [mem 0x3630a000-0x3717cfff]
[    0.000000] ACPI: Early table checksum verification disabled
[    0.000000] ACPI: RSDP 0x00000000000E0000 000024 (v02 VBOX  )
[    0.000000] ACPI: XSDT 0x000000003FFF0030 00003C (v01 VBOX   VBOXXSDT 00000001 ASL  00000061)
[    0.000000] ACPI: FACP 0x000000003FFF00F0 0000F4 (v04 VBOX   VBOXFACP 00000001 ASL  00000061)
[    0.000000] ACPI: DSDT 0x000000003FFF0470 0021FF (v02 VBOX   VBOXBIOS 00000002 INTL 20100528)
[    0.000000] ACPI: FACS 0x000000003FFF0200 000040
[    0.000000] ACPI: FACS 0x000000003FFF0200 000040
[    0.000000] ACPI: APIC 0x000000003FFF0240 00005C (v02 VBOX   VBOXAPIC 00000001 ASL  00000061)
[    0.000000] ACPI: SSDT 0x000000003FFF02A0 0001CC (v01 VBOX   VBOXCPUT 00000002 INTL 20100528)
[    0.000000] No NUMA configuration found
[    0.000000] Faking a node at [mem 0x0000000000000000-0x000000003ffeffff]
[    0.000000] NODE_DATA(0) allocated [mem 0x3ffeb000-0x3ffeffff]
[    0.000000] kvm-clock: Using msrs 4b564d01 ndb564d00
[  00000] vm-clock: cu  msr 0:fe3001, primary cpu clock
[    0.000000] kvm-clock: using sched offset of 3129271762 cycles
[    0.000000] clocksource: kvm-clock: mask: 0xffffffffffffffff max_cycles: 0x1cd42e4dffb, max_idle_ns: 881590591483 ns
[    0.000000] Zone ranges:
[    0.000000]   DMA      [mem 0x0000000000001000-0x0000000000ffffff]
[    0.000000]   DMA32    [mem 0x0000000001000000-0x000000003ffeffff]
[    0.000000]   Normal   empty
[    0.000000] Device  mp
    0.000000] Movae ne star for eacnoe
[  00000] Early memoryode ranges
[    0.000000]   node   0: [mem 0x0000000000001000-0x000000000009efff]
[    0.000000]   node   0: [memx0000000000100000-0x00000003ffeffff]
[    0.000000] Initmem setup node 0 [mem 0x0000000000001000-0x000000003ffeffff]
[    0.000000] ACPI: PM-Timer IO Port: 0x4008
[    00000] IPI0]: apic_id 2, version 32, address 0xfec0000GS 0-23
[    0.000000] ACPIIN_SRCOV(b 0 bus_ir0 obal_irq 2 dfl dfl)
[    0.000000] ACPI: INT_SRC_OVR (bus 0 bus_irq 9 global_irq 9 low level)
[    0.000000] Using ACPI (MADT) for SMP configuration information
[    0.000000] smpboot: Allowing 2 CPUs, 0 hotplug CPUs
[    0.000000] PM: Registered nosave memory: [mem 0x00000000-0x00000fff]
[    0.000000] PM: Registered nosave memory: [mem 0x0009f000-0x0009ffff]
[    0.000000]M: Registered nosave memory: [mem 0x000a0000-0x000effff]
[    0.000000] PM: Registered nosave memory: [mem 0x000f0000-0x000fffff]
[    0.000000] e820: [mem 0x40000000-0xfebfffff] available for PCI devices
[    0.000000] Booting paravirtualized kernel on KVM
[    0.000000] clocksource: refined-jiffies: mask: 0xffffffff max_cycles: 0xffffffff, max_idle_ns: 7645519600211568 ns
[    0.0000] setup_percpu: NR_CPUS:512 nr_cpumask_bits:512 nr_cpu_ids:2 nr_node_ids:1
[    0.000000] PERCPU: Eedded 3 pes/cpu @ffff88003fc00000 s99608 r8192 d31464 u1048576
[    0.000000] PV qspinlock hash table entries: 256 (order: 0, 4096 bytes)
[    0.000000] Built 1 zonelists in Node order, mobility grouping on.  Total pages: 257912
[    0.00000] Policy zone: DMA32
[    0.00000] Kernel command ne: BOOTIME=oot/vmliz-4.0-1-gerc rooLAL=cloudimg-rootfs ro console=tty1 console=ttyS0
[    0.000000] PID hash table ntries: 4096 (orr:3, 32768 yt)
[   00000] Mery997708K1048120K availabl (55K kernecoe,1314Kwda,4004rota 1528K it136K bs,042K resrv, K cmrervd)
  .00000] SUBHWlign=64 Order=0-3, MinObjects=0, CPUs=2, Nodes=1
[    0.000000] Kernel/User page tables isolation: enabled
[    0.000000 Hierarchical RCU implemetation.
[    0.000000] 	Build-time adjustment of leaf fanout to 64.
[    0.000000] 	RC restricting CPUsfr NR_CPU=5 tnr_cpu_is=
    0.0000RC: Adjustg ometry for rcfautlef=, _cpu_s=2
[  0.000000] _IRQS:334 r_irqs:440 16
[    0.00000] nsle: coloour VGA+0x
[    00000 console [tty1] enabled
[  000000] onlettyS0] enabd[    0.000000] tsc: Detected 2303.998 MHz processor
[    4.303904] Calibrating delay loop (skipped) preset value.. 4607.99 BogoMIPS (lpj=9215992)
[    4.334111] pid_max: default: 32768 minimum: 301
[    4.349333] ACPI: Core revision 20150930
[    4.376778] ACPI: 2 ACPI AML tables successfully acquired and loaded
[    4.408102] Security Framework initialized
[    4.414390] Yama: becoming mindful.
[    4.447763] AppArmor: AppArmor initialized
[    4.495592] Dentry cache hash table entries: 131072 (order: 8, 1048576 bytes)
[    4.498375] Inode-cache hash table entries: 65536 (order: 7, 524288 bytes)
[    4.500923] Mount-cache hash table entries: 2048 (order: 2, 16384 bytes)
[    4.502141] Mountpoint-cache hash table entries: 2048 (order: 2, 16384 bytes)
[    4.503500] Initializing cgroup subsys io
[    4.504168] Initializing cgroup subsys memory
[    4.504956] Initializing cgroup subsys devices
[    4.505783] Initializing cgroup subsys freezer
[    4.506616] Initializing cgroup subsys net_cls
[    4.507480] Initializing cgroup subsys perf_event
[    4.508393] Initializing cgroup subsys net_prio
[    4.509257] Initializing cgroup subsys hugetlb
[    4.510085] Initializing cgroup subsys pids
[    4.512045] mce: CPU supports 0 MCE banks
[    4.512862] Last level iTLB entries: 4KB 64, 2MB 8, 4MB 8
[    4.535549] Last level dTLB entries: 4KB 64, 2MB 0, 4MB 0, 1GB 4
[    4.547530] Spectre V2 : Mitigation: Full generic retpoline
[    4.563449] Spectre V2 : Spectre v2 mitigation: Speculation control IBPB not-supported IBRS not-supported
[    4.600175] Spectre V2 : Spectre v2 / SpectreRSB mitigation: Filling RSB on context switch
[    4.641265] Speculative Store Bypass: Vulnerable
[    4.644270] Freeing SMP alternatives memory: 32K
[    4.652031] ftrace: allocating 32265 entries in 127 pages
[    4.750806] smpboot: APIC(0) Converting physical 0 to logical package 0
[    4.792458] smpboot: Max logical packages: 1
[    4.828027] x2apic enabled
[    4.862488] Switched APIC routing to physical x2apic.
[    4.901070] ..TIMER: vector=0x30 apic1=0 pin1=2 apic2=-1 pin2=-1
[    5.067743] smpboot: CPU0: Intel(R) Core(TM) i5-7360U CPU @ 2.30GHz (family: 0x6, model: 0x8e, stepping: 0x9)
[    5.129758] Performance Events: unsupported p6 CPU model 142 no PMU driver, software events only.
[    5.131500] KVM setup paravirtual spinlock
[    5.156305] x86: Booting SMP configuration:
[    5.205342] .... node  #0, CPUs:      #1
[    5.206217] kvm-clock: cpu 1, msr 0:3ffe3041, secondary cpu clock
[    5.208445] mce: CPU supports 0 MCE banks
[    5.210965] x86: Booted up 1 node, 2 CPUs
[    5.239594] smpboot: Total of 2 processors activated (9215.99 BogoMIPS)
[    5.299488] devtmpfs: initialized
[    5.320592] evm: security.selinux
[    5.347693] evm: security.SMACK64
[    5.356186] evm: security.SMACK64EXEC
[    5.356912] evm: security.SMACK64TRANSMUTE
[    5.357690] evm: security.SMACK64MMAP
[    5.358331] evm: security.ima
[    5.358917] evm: security.capability
[    5.359682] clocksource: jiffies: mask: 0xffffffff max_cycles: 0xffffffff, max_idle_ns: 7645041785100000 ns
[    5.361128] futex hash table entries: 512 (order: 3, 32768 bytes)
[    5.362125] pinctrl core: initialized pinctrl subsystem
[    5.363096] RTC time: 15:25:31, date: 11/22/18
[    5.364056] NET: Registered protocol family 16
[    5.374748] cpuidle: using governor ladder
[    5.390693] cpuidle: using governor menu
[    5.426857] PCCT header not found.
[    5.454688] ACPI: bus type PCI registered
[    5.495171] acpiphp: ACPI Hot Plug PCI Controller Driver version: 0.5
[    5.547220] PCI: Using configuration type 1 for base access
[    5.593701] ACPI: Added _OSI(Module Device)
[    5.594531] ACPI: Added _OSI(Processor Device)
[    5.595359] ACPI: Added _OSI(3.0 _SCP Extensions)
[    5.596226] ACPI: Added _OSI(Processor Aggregator Device)
[    5.602262] ACPI: Executed 1 blocks of module-level executable AML code
[    5.613560] ACPI: Interpreter enabled
[    5.622755] ACPI: (supports S0 S5)
[    5.644451] ACPI: Using IOAPIC for interrupt routing
[    5.655618] PCI: Using host bridge windows from ACPI; if necessary, use "pci=nocrs" and report a bug
[    5.709332] ACPI: PCI Root Bridge [PCI0] (domain 0000 [bus 00-ff])
[    5.750893] acpi PNP0A03:00: _OSC: OS supports [ASPM ClockPM Segments MSI]
[    5.805577] acpi PNP0A03:00: _OSC: not requesting OS control; OS requires [ExtendedConfig ASPM ClockPM MSI]
[    5.814113] acpi PNP0A03:00: fail to add MMCONFIG information, can't access extended PCI configuration space under this bridge.
[    5.852738] PCI host bridge to bus 0000:00
[    5.873153] pci_bus 0000:00: root bus resource [io  0x0000-0x0cf7 window]
[    5.920380] pci_bus 0000:00: root bus resource [io  0x0d00-0xffff window]
[    5.921585] pci_bus 0000:00: root bus resource [mem 0x000a0000-0x000bffff window]
[    5.935658] pci_bus 0000:00: root bus resource [mem 0x40000000-0xfdffffff window]
[    5.989023] pci_bus 0000:00: root bus resource [bus 00-ff]
[    6.036913] pci 0000:00:01.1: legacy IDE quirk: reg 0x10: [io  0x01f0-0x01f7]
[    6.103729] pci 0000:00:01.1: legacy IDE quirk: reg 0x14: [io  0x03f6]
[    6.151523] pci 0000:00:01.1: legacy IDE quirk: reg 0x18: [io  0x0170-0x0177]
[    6.209036] pci 0000:00:01.1: legacy IDE quirk: reg 0x1c: [io  0x0376]
[    6.242978] pci 0000:00:07.0: quirk: [io  0x4000-0x403f] claimed by PIIX4 ACPI
[    6.297902] pci 0000:00:07.0: quirk: [io  0x4100-0x410f] claimed by PIIX4 SMB
[    6.364155] ACPI: PCI Interrupt Link [LNKA] (IRQs 5 9 10 *11)
[    6.374488] ACPI: PCI Interrupt Link [LNKB] (IRQs 5 9 *10 11)
[    6.375882] ACPI: PCI Interrupt Link [LNKC] (IRQs 5 *9 10 11)
[    6.377290] ACPI: PCI Interrupt Link [LNKD] (IRQs 5 9 10 *11)
[    6.378794] ACPI: Enabled 2 GPEs in block 00 to 07
[    6.417345] vgaarb: setting as boot device: PCI:0000:00:02.0
[    6.443338] vgaarb: device added: PCI:0000:00:02.0,decodes=io+mem,owns=io+mem,locks=none
[    6.512815] vgaarb: loaded
[    6.528225] vgaarb: bridge control possible 0000:00:02.0
[    6.569679] SCSI subsystem initialized
[    6.596054] ACPI: bus type USB registered
[    6.627966] usbcore: registered new interface driver usbfs
[    6.628947] usbcore: registered new interface driver hub
[    6.629909] usbcore: registered new device driver usb
[    6.666503] PCI: Using ACPI for IRQ routing
[    6.673049] NetLabel: Initializing
[    6.673741] NetLabel:  domain hash size = 128
[    6.674548] NetLabel:  protocols = UNLABELED CIPSOv4
[    6.675471] NetLabel:  unlabeled traffic allowed by default
[    6.676698] amd_nb: Cannot enumerate AMD northbridges
[    6.677691] clocksource: Switched to clocksource kvm-clock
[    6.686997] AppArmor: AppArmor Filesystem Enabled
[    6.688023] pnp: PnP ACPI init
[    6.689409] pnp: PnP ACPI: found 3 devices
[   6.699964 cckurce: acpi_pm: mask: 0xffffff max_cycles: 0xffffff, max_idle_ns: 2085701024 ns[  6054]ETRegier ptol mi 2
[    7.375]CPstliedastable entries: 8192 (order: 4, 65536 bytes)

[    7.759584] TCP bind hash table entries: 8192 (order: 5, 131072 bytes)
[    7.760629] TCP: Hash tables configured (established 8192 bind 8192)
[    7.761719] UDP hash table entries: 512 (order: 2, 16384 bytes)
[    7.762765] UDP-Lite hash table entries: 512 (order: 2, 16384 bytes)
[    7.763868] NET: Registered protocol family 1
[    7.764627] pci 0000:00:00.0: Limiting direct PCI/PCI transfers
[    7.765670] pci 0000:00:01.0: Activating ISA DMA hang workarounds
[    7.766876] Unpacking initramfs...
[    8.013084] Freeing initrd memory: 14796K
[    8.014338] platform rtc_cmos: registered platform RTC device (no PNP device found)
[    8.016088] Scanning for low memory corruption every 60 seconds
[    8.017753] audit: initializing netlink subsys (disabled)
[    8.024241] audit: type=2000 audit(1542900333.039:1): initialized
[    8.025463] Initialise system trusted keyring
[    8.026411] HugeTLB registered 2 MB page size, pre-allocated 0 pages
[    8.028513] zbud: loaded
[    8.029367] VFS: Disk quotas dquot_6.6.0
[    8.050583] VFS: Dquot-cache hash table entries: 512 (order 0, 4096 bytes)
[    8.054853] squashfs: version 4.0 (2009/01/31) Phillip Lougher
[    85656] fuse ini (I rson 7.23)

[    8.269812] Key type big_key registered
[    8.276878] Allocating IMA MOK and blacklist keyrings.
[    8.279250] Key type asymmetric registered
[    8.280091] Asymmetric key parser 'x509' registered
[    8.281019] Block layer SCSI generic (bsg) driver version 0.4 loaded (major 249)
[    8.290154] io scheduler noop registered
[    8.363171] io scheduler deadline registered (default)
[    8.386578] io scheduler cfq registered
[    8.458929] pci_hotplug: PCI Hot Plug PCI Core version: 0.5
[    8.514071] pciehp: PCI Express Hot Plug Controller Driver version: 0.4
[    8.539389] ACPI: AC Adapter [AC] (on-line)
[    8.628755] input: Power Button as /devices/LNXSYSTM:00/LNXPWRBN:00/input/input0
[    8.842676] ACPI: Power Button [PWRF]
[    8.857733] input: Sleep Button as /devices/LNXSYSTM:00/LNXSLPBN:00/input/input1
[    8.859459] ACPI: Sleep Button [SLPF]
[    8.862478] GHES: HEST is not enabled!
[    8.863429] Serial: 8250/16550 driver, 32 ports, IRQ sharing enabled
[    8.886453] 00:02: ttyS0 at I/O 0x3f8 (irq = 4, base_baud = 115200) is a 16550A
[    8.903605] Linux agpgart interface v0.103
[    8.909516] loop: module loaded
[    8.912579] scsi host0: ata_piix
[    8.915197] scsi host1: ata_piix
[    8.921465] ata1: PATA max UDMA/33 cmd 0x1f0 ctl 0x3f6 bmdma 0xd000 irq 14
[    8.928527] ata2: PATA max UDMA/33 cmd 0x170 ctl 0x376 bmdma 0xd008 irq 15
[    8.940036] libphy: Fixed MDIO Bus: probed
[    8.940833] tun: Universal TUN/TAP device driver, 1.6
[    9.001615] tun: (C) 1999-2004 Max Krasnyansky <maxk@qualcomm.com>
[    9.013749] tsc: Refined TSC clocksource calibration: 2303.886 MHz
[    9.013750] clocksource: tsc: mask: 0xffffffffffffffff max_cycles: 0x21358c14e65, max_idle_ns: 440795224184 ns
[    9.399861] PPP generic driver version 2.4.2
[    9.400726] ehci_hcd: USB 2.0 'Enhanced' Host Controller (EHCI) Driver
[    9.428996] ehci-pci: EHCI PCI platform driver
[    9.520603] ehci-platform: EHCI generic platform driver
[    9.610084] ohci_hcd: USB 1.1 'Open' Host Controller (OHCI) Driver
[    9.713123] ohci-pci: OHCI PCI platform driver
[    9.799201] ohci-platform: OHCI generic platform driver
[    9.886059] uhci_hcd: USB Universal Host Controller Interface driver
[    9.943038] i8042: PNP: PS/2 Controller [PNP0303:PS2K,PNP0f03:PS2M] at 0x60,0x64 irq 1,12
[    9.955720] serio: i8042 KBD port at 0x60,0x64 irq 1
[    9.956669] serio: i8042 AUX port at 0x60,0x64 irq 12
[    9.964456] mousedev: PS/2 mouse device common for all mice
[    9.966021] input: AT Translated Set 2 keyboard as /devices/platform/i8042/serio0/input/input2
[    9.971949] rtc_cmos rtc_cmos: rtc core: registered rtc_cmos as rtc0
[    9.972043] rtc_cmos rtc_cmos: alarms up to one day, 114 bytes nvram
[    9.972057] i2c /dev entries driver
[    9.972123] device-mapper: uevent: version 1.0.3
[    9.981795] device-mapper: ioctl: 4.34.0-ioctl (2015-10-28) initialised: dm-devel@redhat.com
[    9.981817] ledtrig-cpu: registered to indicate activity on CPUs
[    9.982141] NET: Registered protocol family 10
[    9.982301] NET: Registered protocol family 17
[    9.982313] Key type dns_resolver registered
[    9.982640] registered taskstats version 1
[    9.982653] Loading compiled-in X.509 certificates
[    9.983303] Loaded X.509 cert 'Build time autogenerated kernel key: 20acc96b50ca7641011eace69d32209215a9b56f'
[    9.983328] zswap: loaded using pool lzo/zbud
[    9.985032] Key type trusted registered
[    9.987785] Key type encrypted registered
[    9.987793] AppArmor: AppArmor sha1 policy hashing enabled
[    9.987796] ima: No TPM chip found, activating TPM-bypass!
[    9.987800] ima: Allocated hash algorithm: sha1
[    9.987816] evm: HMAC attrs: 0x1
[    9.988143]   Magic number: 10:649:437
[    9.989981] rtc_cmos rtc_cmos: setting system clock to 2018-11-22 15:25:36 UTC (1542900336)
[    9.990071] BIOS EDD facility v0.16 2004-Jun-25, 0 devices found
[    9.990071] EDD information not available.
[   11.049122] Freeing unused kernel memory: 1528K
[   11.069751] Write protecting the kernel read-only data: 14336k
[   11.636833] Freeing unused kernel memory: 1672K
[   11.868940] Freeing unused kernel memory: 92K
Loading, please [   12.081601] random: systemd-udevd: uninitialized urandom read (16 bytes read, 7 bits of entropy available)
wait...
starting version 229
[   12.082163] random: udevadm: uninitialized urandom read (16 bytes read, 7 bits of entropy available)
[   12.082178] random: udevadm: uninitialized urandom read (16 bytes read, 7 bits of entropy available)
[   12.087960] random: udevadm: uninitialized urandom read (16 bytes read, 7 bits of entropy available)
[   12.087992] random: udevadm: uninitialized urandom read (16 bytes read, 7 bits of entropy available)
[   12.088088] random: udevadm: uninitialized urandom read (16 bytes read, 7 bits of entropy available)
[   12.088126] random: udevadm: uninitialized urandom read (16 bytes read, 7 bits of entropy available)
[   12.088161] random: udevadm: uninitialized urandom read (16 bytes read, 7 bits of entropy available)
[   12.088197] random: udevadm: uninitialized urandom read (16 bytes read, 7 bits of entropy available)
[   12.088246] random: udevadm: uninitialized urandom read (16 bytes read, 7 bits of entropy available)
[   12.177245] e1000: Intel(R) PRO/1000 Network Driver - version 7.3.21-k8-NAPI
[   12.199101] e1000: Copyright (c) 1999-2006 Intel Corporation.
[   12.217804] Fusion MPT base driver 3.04.20
[   12.219799] Copyright (c) 1999-2008 LSI Corporation
[   12.222458] AVX2 version of gcm_enc/dec engaged.
[   12.223347] AES CTR mode by8 optimization enabled
[   12.234283] Fusion MPT SPI Host driver 3.04.20
[   12.440121] input: ImExPS/2 Generic Explorer Mouse as /devices/platform/i8042/serio1/input/input4
[   12.560484] e1000 0000:00:03.0 eth0: (PCI:33MHz:32-bit) 02:20:67:8c:d5:af
[   13.018482] e1000 0000:00:03.0 eth0: Intel(R) PRO/1000 Network Connection
[   13.068295] mptbase: ioc0: Initiating bringup
[   13.219404] ioc0: LSI53C1030 A0: Capabilities={Initiator}
[   14.340322] scsi host2: ioc0: LSI53C1030 A0, FwRev=00000000h, Ports=1, MaxQ=256, IRQ=20
[   15.078745] scsi 2:0:0:0: Direct-Access     VBOX     HARDDISK         1.0  PQ: 0 ANSI: 5
[   15.356818] scsi target2:0:0: Beginning Domain Validation
[   15.371685] scsi target2:0:0: Domain Validation skipping write tests
[   15.398491] scsi target2:0:0: Ending Domain Validation
[   15.422003] scsi target2:0:0: asynchronous
[   15.425862] scsi 2:0:1:0: Direct-Access     VBOX     HARDDISK         1.0  PQ: 0 ANSI: 5
[   15.427769] scsi target2:0:1: Beginning Domain Validation
[   15.429769] scsi target2:0:1: Domain Validation skipping write tests
[   15.432190] scsi target2:0:1: Ending Domain Validation
[   15.434374] scsi target2:0:1: asynchronous
[   15.458858] sd 2:0:0:0: Attached scsi generic sg0 type 0
[   15.474255] sd 2:0:0:0: [sda] 20971520 512-byte logical blocks: (10.7 GB/10.0 GiB)
[   15.481977] sd 2:0:0:0: [sda] Write Protect is off
[   15.484856] sd 2:0:0:0: [sda] Incomplete mode parameter data
[   15.488062] sd 2:0:0:0: [sda] Assuming drive cache: write through
[   15.489897] sd 2:0:1:0: Attached scsi generic sg1 type 0
[   15.491042] sd 2:0:1:0: [sdb] 20480 512-byte logical blocks: (10.5 MB/10.0 MiB)
[   15.492502] sd 2:0:1:0: [sdb] Write Protect is off
[   15.504612]  sda: sda1
[   15.505809] sd 2:0:1:0: [sdb] Incomplete mode parameter data
[   15.507057] sd 2:0:1:0: [sdb] Assuming drive cache: write through
[   15.508464] sd 2:0:0:0: [sda] Attached SCSI disk
[   15.511044] sd 2:0:1:0: [sdb] Attached SCSI disk
[   15.737151] e1000 0000:00:08.0 eth1: (PCI:33MHz:32-bit) 08:00:27:b4:e4:c6
[   15.869258] e1000 0000:00:08.0 eth1: Intel(R) PRO/1000 Network Connection
[   15.889906] e1000 0000:00:03.0 enp0s3: renamed from eth0
[   15.902262] e1000 0000:00:08.0 enp0s8: renamed from eth1
Begin: Loading essential drivers ... [   17.164738] md: linear personality registered for level -1
[   17.194345] md: multipath personality registered for level -4
[   17.231606] md: raid0 personality registered for level 0
[   17.260937] md: raid1 personality registered for level 1
[   17.329710] raid6: sse2x1   gen() 12342 MB/s
[   17.438177] raid6: sse2x1   xor()  9248 MB/s
[   17.541859] raid6: sse2x2   gen() 15226 MB/s
[   17.634241] raid6: sse2x2   xor() 10187 MB/s
[   17.713868] raid6: sse2x4   gen() 12541 MB/s
[   17.785847] raid6: sse2x4   xor() 11822 MB/s
[   17.885831] raid6: avx2x1   gen() 24524 MB/s
[   17.957866] raid6: avx2x2   gen() 28999 MB/s
[   18.041887] raid6: avx2x4   gen() 31181 MB/s
[   18.066202] raid6: using algorithm avx2x4 gen() 31181 MB/s
[   18.067179] raid6: using avx2x2 recovery algorithm
[   18.080077] xor: automatically using best checksumming function:
[   18.181702]    avx       : 42011.000 MB/sec
[   18.239231] async_tx: api initialized (async)
[   18.264790] md: raid6 personality registered for level 6
[   18.314158] md: raid5 personality registered for level 5
[   18.363480] md: raid4 personality registered for level 4
[   18.391096] md: raid10 personality registered for level 10
done.
Begin: Running /scripts/init-premount ...[   18.503970] Btrfs loaded
 done.
Begin: Mounting root file system ... Begin: Running /scripts/local-top ... done.
Begin: Running /scripts/local-premount ... Scanning for Btrfs filesystems
done.
Warning: fsck not present, so skipping root file system
[   18.533667] EXT4-fs (sda1): mounted filesystem with ordered data mode. Opts: (null)
done.
Begin: Running /scripts/local-bottom ... done.
Begin: Running /scripts/init-bottom ... done.
[   18.606871] systemd[1]: systemd 229 running in system mode. (+PAM +AUDIT +SELINUX +IMA +APPARMOR +SMACK +SYSVINIT +UTMP +LIBCRYPTSETUP +GCRYPT +GNUTLS +ACL +XZ -LZ4 +SECCOMP +BLKID +ELFUTILS +KMOD -IDN)
[   18.714366] systemd[1]: Detected virtualization oracle.
[   18.715339] systemd[1]: Detected architecture x86-64.

Welcome to [1mUbuntu 16.04.5 LTS[0m!

[   18.732592] systemd[1]: Set hostname to <ubuntu>.
[   18.736392] systemd[1]: Initializing machine ID from random generator.
[   18.754304] systemd[1]: Installed transient /etc/machine-id file.
[   18.868628] systemd[1]: Set up automount Arbitrary Executable File Formats File System Automount Point.
[[0;32m  OK  [0m] Set up automount Arbitrary Executab...ats File System Automount Point.
[   18.966479] systemd[1]: Listening on Journal Audit Socket.
[[0;32m  OK  [0m] Listening on Journal Audit Socket.
[   19.134181] systemd[1]: Reached target Swap.
[[0;32m  OK  [0m] Reached target Swap.
[   19.323033] systemd[1]: Listening on Journal Socket (/dev/log).
[[0;32m  OK  [0m] Listening on Journal Socket (/dev/log).
[   19.478743] systemd[1]: Listening on LVM2 poll daemon socket.
[[0;32m  OK  [0m] Listening on LVM2 poll daemon socket.
[   19.666870] systemd[1]: Listening on Syslog Socket.
[[0;32m  OK  [0m] Listening on Syslog Socket.
[   19.776642] systemd[1]: Created slice System Slice.
[[0;32m  OK  [0m] Created slice System Slice.
[   19.809988] systemd[1]: Started Trigger resolvconf update for networkd DNS.
[[0;32m  OK  [0m] Started Trigger resolvconf update for networkd DNS.
[   19.812386] systemd[1]: Started Forward Password Requests to Wall Directory Watch.
[[0;32m  OK  [0m] Started Forward Password Requests to Wall Directory Watch.
[   19.814957] systemd[1]: Listening on Journal Socket.
[[0;32m  OK  [0m] Listening on Journal Socket.
[   19.865958] systemd[1]: Starting Load Kernel Modules...
[   19.886688] Loading iSCSI transport class v2.0-870.
         Startin[   19.891546] iscsi: registered transport (tcp)
g Load Kernel Modules...
[   19.930348] systemd[1]: Starting Set console keymap...
         Startin[   19.944945] iscsi: registered transport (iser)
g Set console keymap...
[   20.034148] systemd[1]: Starting Nameserver information manager...
         Starting Nameserver information manager...
[   20.270213] systemd[1]: Mounting POSIX Message Queue File System...
[   20.270675] random: nonblocking pool is initialized
         Mounting POSIX Message Queue File System...
[   20.442612] systemd[1]: Listening on /dev/initctl Compatibility Named Pipe.
[[0;32m  OK  [0m] Listening on /dev/initctl Compatibility Named Pipe.
[   20.611061] systemd[1]: Listening on udev Kernel Socket.
[[0;32m  OK  [0m] Listening on udev Kernel Socket.
[   20.714541] systemd[1]: Created slice system-serial\x2dgetty.slice.
[[0;32m  OK  [0m] Created slice system-serial\x2dgetty.slice.
[   20.806094] systemd[1]: Mounting Debug File System...
         Mounting Debug File System...
[   20.846075] systemd[1]: Created slice User and Session Slice.
[[0;32m  OK  [0m] Created slice User and Session Slice.
[   20.914637] systemd[1]: Reached target Slices.
[[0;32m  OK  [0m] Reached target Slices.
[   20.933496] systemd[1]: Reached target System Time Synchronized.
[[0;32m  OK  [0m] Reached target System Time Synchronized.
[   20.950032] systemd[1]: Reached target User and Group Name Lookups.
[[0;32m  OK  [0m] Reached target User and Group Name Lookups.
[   20.964125] systemd[1]: Listening on udev Control Socket.
[[0;32m  OK  [0m] Listening on udev Control Socket.
[   21.070147] systemd[1]: Listening on Device-mapper event daemon FIFOs.
[[0;32m  OK  [0m] Listening on Device-mapper event daemon FIFOs.
[   21.258781] systemd[1]: Listening on LVM2 metadata daemon socket.
[[0;32m  OK  [0m] Listening on LVM2 metadata daemon socket.
[   21.498301] systemd[1]: Starting Monitoring of LVM2 mirrors, snapshots etc. using dmeventd or progress polling...
         Starting Monitoring of LVM2 mirrors... dmeventd or progress polling...
[   21.606206] systemd[1]: Starting Journal Service...
         Starting Journal Service...
[   21.658232] systemd[1]: Starting Create list of required static device nodes for the current kernel...
         Starting Create list of required st... nodes for the current kernel...
[   21.921352] systemd[1]: Reached target Encrypted Volumes.
[[0;32m  OK  [0m] Reached target Encrypted Volumes.
[   22.014019] systemd[1]: Starting Uncomplicated firewall...
         Starting Uncomplicated firewall...
[   22.043422] systemd[1]: Starting Remount Root and Kernel File Systems...
[   22.046799] EXT4-fs (sda1): re-mounted. Opts: (null)
         Starting Remount Root and Kernel File Systems...
[   22.189852] systemd[1]: Mounting Huge Pages File System...
         Mounting Huge Pages File System...
[   22.354854] systemd[1]: Mounted Huge Pages File System.
[[0;32m  OK  [0m] Mounted Huge Pages File System.
[   22.510899] systemd[1]: Mounted POSIX Message Queue File System.
[[0;32m  OK  [0m] Mounted POSIX Message Queue File System.
[   22.714756] systemd[1]: Mounted Debug File System.
[[0;32m  OK  [0m] Mounted Debug File System.
[   22.878863] systemd[1]: Started Journal Service.
[[0;32m  OK  [0m] Started Journal Service.
[[0;32m  OK  [0m] Started Load Kernel Modules.
[[0;32m  OK  [0m] Started Set console keymap.
[[0;32m  OK  [0m] Started Create list of required sta...ce nodes for the current kernel.
[[0;32m  OK  [0m] Started Uncomplicated firewall.
[[0;32m  OK  [0m] Started Remount Root and Kernel File Systems.
[[0;32m  OK  [0m] Started Nameserver information manager.
[[0;32m  OK  [0m] Started LVM2 metadata daemon.
         Starting udev Coldplug all Devices...
         Starting Load/Save Random Seed...
         Starting Create Static Device Nodes in /dev...
         Mounting FUSE Control File System...
         Starting Apply Kernel Variables...
         Starting Flush Journal to Persistent Storage...
[[0;32m  OK  [0m] Mounted FUSE Control File System.
[[0;32m  OK  [0m] Started Load/Save Random Seed.
[[0;32m  OK  [0m] Started Create Static Device Nodes in /dev.
[[0;32m  OK  [0m] Started Apply Kernel Variables.
[[0;32m  OK  [0m] Started Flush Journal to Persistent Storage.
         Starting udev Kernel Device Manager...
[[0;32m  OK  [0m] Started udev Kernel Device Manager.
[[0;32m  OK  [0m] Started udev Coldplug all Devices.
[[0;32m  OK  [0m] Started Monitoring of LVM2 mirrors,...ng dmeventd or progress polling.
[[0;32m  OK  [0m] Reached target Local File Systems (Pre).
[[0;32m  OK  [0m] Reached target Local File Systems.
         Starting Set console font and keymap...
         Starting LSB: AppArmor initialization...
         Starting Create Volatile Files and Directories...
         Starting Tell Plymouth To Write Out Runtime Data...
         Starting Commit a transient machine-id on disk...
         Starting Initial cloud-init job (pre-networking)...
[[0;32m  OK  [0m] Started Dispatch Password Requests to Console Directory Watch.
[[0;32m  OK  [0m] Started Create Volatile Files and Directories.
[[0;32m  OK  [0m] Started Tell Plymouth To Write Out Runtime Data.
[[0;32m  OK  [0m] Started Commit a transient machine-id on disk.
[[0;32m  OK  [0m] Found device /dev/ttyS0.
[[0;32m  OK  [0m] Listening on Load/Save RF Kill Switch Status /dev/rfkill Watch.
         Starting Update UTMP about System Boot/Shutdown...
[[0;32m  OK  [0m] Started Update UTMP about System Boot/Shutdown.
[[0;32m  OK  [0m] Started LSB: AppArmor initialization.
[   18.229813] cloud-init[493]: Cloud-init v. 18.3-9-g2e62cb8a-0ubuntu1~16.04.2 running 'init-local' at Thu, 22 Nov 2018 15:25:50 +0000. Up 17.95 seconds.
[[0;32m  OK  [0m] Started Initial cloud-init job (pre-networking).
[[0;32m  OK  [0m] Reached target Network (Pre).
         Starting Raise network interfaces...
[[0;32m  OK  [0m] Started Set console font and keymap.
[[0;32m  OK  [0m] Created slice system-getty.slice.
[[0;32m  OK  [0m] Started Raise network interfaces.
[[0;32m  OK  [0m] Reached target Network.
         Starting Initial cloud-init job (metadata service crawler)...
[   19.642767] cloud-init[933]: Cloud-init v. 18.3-9-g2e62cb8a-0ubuntu1~16.04.2 running 'init' at Thu, 22 Nov 2018 15:25:51 +0000. Up 19.01 seconds.
[   19.659177] cloud-init[933]: ci-info: ++++++++++++++++++++++++++++++++++++++Net device info+++++++++++++++++++++++++++++++++++++++
[   19.661379] cloud-init[933]: ci-info: +--------+-------+----------------------------+---------------+--------+-------------------+
[   19.663658] cloud-init[933]: ci-info: | Device |   Up  |          Address           |      Mask     | Scope  |     Hw-Address    |
[   19.665792] cloud-init[933]: ci-info: +--------+-------+----------------------------+---------------+--------+-------------------+
[   19.667954] cloud-init[933]: ci-info: | enp0s3 |  True |         10.0.2.15          | 255.255.255.0 | global | 02:20:67:8c:d5:af |
[   19.780647] cloud-init[933]: ci-info: | enp0s3 |  True | fe80::20:67ff:fe8c:d5af/64 |       .       |  link  | 02:20:67:8c:d5:af |
[[0;32m  OK  [0m] Started Initial cloud-init job (metadata service crawler).
[   19.867569] cloud-init[933]: ci-info: | enp0s8 | False |             .              |       .       |   .    | 08:00:27:b4:e4:c6 |
[   19.885613] cloud-init[933]: ci-info: |   lo   |  True |         127.0.0.1          |   255.0.0.0   |  host  |         .         |
[   20.000010] cloud-init[933]: ci-info: |   lo   |  True |          ::1/128           |       .       |  host  |         .         |
[[0;32m  OK  [0m] Reached target Cloud-config availability.
[[0;32m  OK  [0m] Reached target System Initialization.
[   20.002783] cloud-init[933]: ci-info: +--------+-------+----------------------------+---------------+--------+-------------------+
[   20.045471] cloud-init[933]: ci-info: +++++++++++++++++++++++++++Route IPv4 info++++++++++++++++++++++++++++
[   20.045630] cloud-init[933]: ci-info: +-------+-------------+----------+---------------+-----------+-------+
[   20.045782] cloud-init[933]: ci-info: | Route | Destination | Gateway  |    Genmask    | Interface | Flags |
[   20.045931] cloud-init[933]: ci-info: +-------+-------------+----------+---------------+-----------+-------+
[   20.046084] cloud-init[933]: ci-info: |   0   |   0.0.0.0   | 10.0.2.2 |    0.0.0.0    |   enp0s3  |   UG  |
[   20.046234] cloud-init[933]: ci-info: |   1   |   10.0.2.0  | 0.0.0.0  | 255.255.255.0 |   enp0s3  |   U   |
[   20.046387] cloud-init[933]: ci-info: +-------+-------------+----------+---------------+-----------+-------+
[   20.046541] cloud-init[933]: ci-info: +++++++++++++++++++Route IPv6 info+++++++++++++++++++
[   20.046694] cloud-init[933]: ci-info: +-------+-------------+---------+-----------+-------+
[   20.046847] cloud-init[933]: ci-info: | Route | Destination | Gateway | Interface | Flags |
[   20.047001] cloud-init[933]: ci-info: +-------+-------------+---------+-----------+-------+
[   20.047162] cloud-init[933]: ci-info: |   0   |  fe80::/64  |    ::   |   enp0s3  |   U   |
[   20.047339] cloud-init[933]: ci-info: |   3   |   ff00::/8  |    ::   |   enp0s3  |   U   |
[   20.047466] cloud-init[933]: ci-info: +-------+-------------+---------+-----------+-------+
[   20.047620] cloud-init[933]: Generating public/private rsa key pair.
[   20.047776] cloud-init[933]: Your identification has been saved in /etc/ssh/ssh_host_rsa_key.
[   20.047927] cloud-init[933]: Your public key has been saved in /etc/ssh/ssh_host_rsa_key.pub.
[   20.048239] cloud-init[933]: The key fingerprint is:
[   20.048390] cloud-init[933]: SHA256:tVZUeFX+eGD4GQ7YXRMo7vbAbEcYC6ZnWYLrnfWa2HQ root@ubuntu-xenial
[   20.048569] cloud-init[933]: The key's randomart image is:
[   20.048708] cloud-init[933]: +---[RSA 2048]----+
[   20.048848] cloud-init[933]: |        .   .oo+*|
[   20.048988] cloud-init[933]: |       . + B.+.o.|
[   20.049129] cloud-init[933]: |        + O X.= .|
[   20.049268] cloud-init[933]: |       o = B * =.|
[   20.049412] cloud-init[933]: |      . S O o = o|
[   20.049552] cloud-init[933]: |       . + O E . |
[   20.049695] cloud-init[933]: |          * B    |
[   20.049837] cloud-init[933]: |         . + .   |
[   20.049977] cloud-init[933]: |                 |
[   20.050117] cloud-init[933]: +----[SHA256]-----+
[   20.050260] cloud-init[933]: Generating public/private dsa key pair.
[   20.050401] cloud-init[933]: Your identification has been saved in /etc/ssh/ssh_host_dsa_key.
[   20.050544] cloud-init[933]: Your public key has been saved in /etc/ssh/ssh_host_dsa_key.pub.
[   20.050708] cloud-init[933]: The key fingerprint is:
[   20.050866] cloud-init[933]: SHA256:Hyr9PFLhNF2vhFl/CRuVqweGqnS7DvJy4RjNoUYHl88 root@ubuntu-xenial
         Starting Socket activation for snappy daemon.[   20.052576] 
cloud-init[933]: The key's randomart image is:
[[   20.052614] cloud-init[933]: +---[DSA 1024]----+
[   21.477187] cloud-init[933]: |        .     ...|
[   21.477304] cloud-init[933]: |     . o     oo. |
[   21.477444] cloud-init[933]: |      o o  ..=+oo|
[   21.477617] cloud-init[933]: |     . o E+.++.o+|
[   21.477769] cloud-init[933]: |    . = Sooo..o..|
[   21.477929] cloud-init[933]: |     + * =o. ... |
[   21.478076] cloud-init[933]: |    ..*.*.o   .  |
[   21.478228] cloud-init[933]: |     oo=o+.      |
[   21.478538] cloud-init[933]: |      o..++.     |
[   21.478691] cloud-init[933]: +----[SHA256]-----+
[   21.478843] cloud-init[933]: Generating public/private ecdsa key pair.
[   21.478994] cloud-init[933]: Your identification has been saved in /etc/ssh/ssh_host_ecdsa_key.
[   21.479151] cloud-init[933]: Your public key has been saved in /etc/ssh/ssh_host_ecdsa_key.pub.
[   21.479300] cloud-init[933]: The key fingerprint is:
[   21.479453] cloud-init[933]: SHA256:077ry9KD/CGmUhpOkef9MOftg4joGRQt4zKY1anYaMw root@ubuntu-xenial
[0;32m  OK  [0m] Listening on UUID daemon activation socket.
[   21.479602] cloud-init[933]: The key's randomart image is:
[   21.614720] cloud-init[933]: +---[ECDSA 256]---+
[   21.615080] cloud-init[933]: |                 |
[   21.615239] cloud-init[933]: |   . o           |
[   21.615406] cloud-init[933]: |  . *..          |
[   21.615563] cloud-init[933]: |oB oo+.  .       |
[   21.615718] cloud-init[933]: |=E= o+ .S .      |
[   21.615865] cloud-init[933]: |.  +o o +o.      |
[   21.616102] cloud-init[933]: |   o.= ooXoo     |
         Starting LXD - unix socket.
[[   21.616236] cloud-init[933]: |    =o.o=o*oo    |
[   21.693930] cloud-init[933]: |   .o..  +B=..   |
[   21.694035] cloud-init[933]: +----[SHA256]-----+
[   21.694192] cloud-init[933]: Generating public/private ed25519 key pair.
[   21.694345] cloud-init[933]: Your identification has been saved in /etc/ssh/ssh_host_ed25519_key.
[   21.694500] cloud-init[933]: Your public key has been saved in /etc/ssh/ssh_host_ed25519_key.pub.
[   21.694655] cloud-init[933]: The key fingerprint is:
[   21.694811] cloud-init[933]: SHA256:zO28qYeX80PyL7imqCXcBwyhy0U5tvJaHWDwJXYhYWI root@ubuntu-xenial
[   21.694967] cloud-init[933]: The key's randomart image is:
[   21.695120] cloud-init[933]: +--[ED25519 256]--+
[   21.695275] cloud-init[933]: |  E.Oo+.         |
[   21.695430] cloud-init[933]: | . B**           |
[   21.695806] cloud-init[933]: |  .o++           |
[   21.695907] cloud-init[933]: | ..o.o.o .       |
[   21.696227] cloud-init[933]: |  oo .o.S .      |
[   21.696383] cloud-init[933]: |   .o... o. .    |
[   21.696540] cloud-init[933]: |   oo o ..o*     |
[   21.696694] cloud-init[933]: |  .  o o. Bo+    |
[0;32m  OK  [0m] [   21.696870] Started Daily Cleanup of Temporary Directories.cloud-init
[933]: |    ... o*++.+.  |
[   21.696914] cloud-init[933]: +----[SHA256]-----+
[[0;32m  OK  [0m] Started ACPI Events Check.
[[0;32m  OK  [0m] Reached target Paths.
[[0;32m  OK  [0m] Listening on ACPID Listen Socket.
[[0;32m  OK  [0m] Started Daily apt download activities.
[[0;32m  OK  [0m] Started Daily apt upgrade and clean activities.
[[0;32m  OK  [0m] Reached target Timers.
[[0;32m  OK  [0m] Listening on D-Bus System Message Bus Socket.
[[0;32m  OK  [0m] Reached target Network is Online.
         Starting iSCSI initiator daemon (iscsid)...
[[0;32m  OK  [0m] Listening on Socket activation for snappy daemon.
[[0;32m  OK  [0m] Listening on LXD - unix socket.
[[0;32m  OK  [0m] Started iSCSI initiator daemon (iscsid).
         Starting Login to default iSCSI targets...
[[0;32m  OK  [0m] Reached target Sockets.
[[0;32m  OK  [0m] Reached target Basic System.
[[0;32m  OK  [0m] Started Deferred execution scheduler.
         Starting LXD - container startup/shutdown...
         Starting Login Service...
         Starting System Logging Service...
[[0;32m  OK  [0m] Started Regular background program processing daemon.
[[0;32m  OK  [0m] Started Unattended Upgrades Shutdown.
[[0;32m  OK  [0m] Started ACPI event daemon.
         Starting Pollinate to seed the pseudo random number generator...
[[0;32m  OK  [0m] Started FUSE filesystem for LXC.
         Starting Virtualbox guest utils...
         Starting /etc/rc.local Compatibility...
         Starting LSB: MD monitoring daemon...
         Starting LSB: Record successful boot for GRUB...
[[0;32m  OK  [0m] Started D-Bus System Message Bus.
         Starting Accounts Service...
         Starting Snappy daemon...
[[0;32m  OK  [0m] Started System Logging Service.
[[0;32m  OK  [0m] Started LXD - container startup/shutdown.
[[0;32m  OK  [0m] Started /etc/rc.local Compatibility.
[[0;32m  OK  [0m] Started Login to default iSCSI targets.
[[0;32m  OK  [0m] Started Pollinate to seed the pseudo random number generator.
[[0;32m  OK  [0m] Started Snappy daemon.
[[0;32m  OK  [0m] Started LSB: MD monitoring daemon.
[[0;32m  OK  [0m] Started LSB: Record successful boot for GRUB.
[[0;32m  OK  [0m] Started Login Service.
[[0;32m  OK  [0m] Started Virtualbox guest utils.
         Starting Authenticate and Authorize Users to Run Privileged Tasks...
         Starting Wait until snapd is fully seeded...
         Starting OpenBSD Secure Shell server...
[[0;32m  OK  [0m] Reached target Remote File Systems (Pre).
[[0;32m  OK  [0m] Reached target Remote File Systems.
         Starting LSB: automatic crash report generation...
         Starting LSB: daemon to balance interrupts for SMP systems...
         Starting Permit User Sessions...
         Starting LSB: Set the CPU Frequency Scaling governor to "ondemand"...
[[0;32m  OK  [0m] Started Authenticate and Authorize Users to Run Privileged Tasks.
[[0;32m  OK  [0m] Started Permit User Sessions.
[[0;32m  OK  [0m] Started Accounts Service.
[[0;32m  OK  [0m] Started OpenBSD Secure Shell server.
         Starting Hold until boot process finishes up...
         Starting Terminate Plymouth Boot Screen...
[[0;32m  OK  [0m] Started LSB: automatic crash report generation.
[[0;32m  OK  [0m] Started LSB: daemon to balance interrupts for SMP systems.
[[0;32m  OK  [0m] Started LSB: Set the CPU Frequency Scaling governor to "ondemand".
[[0;32m  OK  [0m] Started Hold until boot process finishes up.
[[0;32m  OK  [0m] Started Terminate Plymouth Boot Screen.
[[0;32m  OK  [0m] Started Getty on tty1.
         Starting Set console scheme...
[[0;32m  OK  [0m] Started Serial Getty on ttyS0.
[[0;32m  OK  [0m] Reached target Login Prompts.
[[0;32m  OK  [0m] Started Set console scheme.
[[0;32m  OK  [0m] Created slice User Slice of vagrant.
         Starting User Manager for UID 1000...
[[0;32m  OK  [0m] Started Session 1 of user vagrant.
[[0;32m  OK  [0m] Started User Manager for UID 1000.
         Stopping User Manager for UID 1000...
[[0;32m  OK  [0m] Stopped User Manager for UID 1000.
[[0;32m  OK  [0m] Removed slice User Slice of vagrant.
[[0;32m  OK  [0m] Created slice User Slice of vagrant.
         Starting User Manager for UID 1000...
[[0;32m  OK  [0m] Started Session 2 of user vagrant.
[[0;32m  OK  [0m] Started User Manager for UID 1000.
[[0;32m  OK  [0m] Started Wait until snapd is fully seeded.
[[0;32m  OK  [0m] Reached target Multi-User System.
[[0;32m  OK  [0m] Reached target Graphical Interface.
         Starting Update UTMP about System Runlevel Changes...
         Starting Apply the settings specified in cloud-config...
[[0;32m  OK  [0m] Started Update UTMP about System Runlevel Changes.
[   25.555192] cloud-init[1652]: Generating locales (this might take a while)...
         Stopping User Manager for UID 1000...
[[0;32m  OK  [0m] Stopped User Manager for UID 1000.
[[0;32m  OK  [0m] Removed slice User Slice of vagrant.
[   26.220178] cloud-init[1652]:   en_US.UTF-8... done
[   26.233419] cloud-init[1652]: Generation complete.
[   26.453709] cloud-init[1652]: Cloud-init v. 18.3-9-g2e62cb8a-0ubuntu1~16.04.2 running 'modules:config' at Thu, 22 Nov 2018 15:25:58 +0000. Up 25.44 seconds.
[[0;32m  OK  [0m] Started Apply the settings specified in cloud-config.
         Starting Execute cloud user/final scripts...
ci-info: no authorized ssh keys fingerprints found for user ubuntu.
<14>Nov 22 15:25:59 ec2: 
<14>Nov 22 15:25:59 ec2: #############################################################
<14>Nov 22 15:25:59 ec2: -----BEGIN SSH HOST KEY FINGERPRINTS-----
<14>Nov 22 15:25:59 ec2: 1024 SHA256:Hyr9PFLhNF2vhFl/CRuVqweGqnS7DvJy4RjNoUYHl88 root@ubuntu-xenial (DSA)
<14>Nov 22 15:25:59 ec2: 256 SHA256:077ry9KD/CGmUhpOkef9MOftg4joGRQt4zKY1anYaMw root@ubuntu-xenial (ECDSA)
<14>Nov 22 15:25:59 ec2: 256 SHA256:zO28qYeX80PyL7imqCXcBwyhy0U5tvJaHWDwJXYhYWI root@ubuntu-xenial (ED25519)
<14>Nov 22 15:25:59 ec2: 2048 SHA256:tVZUeFX+eGD4GQ7YXRMo7vbAbEcYC6ZnWYLrnfWa2HQ root@ubuntu-xenial (RSA)
<14>Nov 22 15:25:59 ec2: -----END SSH HOST KEY FINGERPRINTS-----
<14>Nov 22 15:25:59 ec2: #############################################################
-----BEGIN SSH HOST KEY KEYS-----
ecdsa-sha2-nistp256 AAAAE2VjZHNhLXNoYTItbmlzdHAyNTYAAAAIbmlzdHAyNTYAAABBBLqCDslINbfI+aEjkVhZNg0F1jz9vEWWwtlzzjAponpCXYsmj/yTl9pFu4svE2l7K0kwgNSOkVlWrRnzP/Mit3w= root@ubuntu-xenial
ssh-ed25519 AAAAC3NzaC1lZDI1NTE5AAAAILIh/DyWl3GoCWwubbdNu16k9CQTP4qpqNF2OsRpT+MI root@ubuntu-xenial
ssh-rsa AAAAB3NzaC1yc2EAAAADAQABAAABAQDBleQn32oYBRJk8z6AAMRKkSY9J+lmZ009pOGzXkaDVfJCT0g1s3MyAz/Uty04ihupFMIA71/bHq6ZFmJg3laX4GEVUgYzofqovltiTWtmfBFQtvU6XNG4+AoE+Ull1Yjq0yxa88GvFeZIEDt57Qfo1QYaxFSwt1G9CAdBHyAIkRYfS9PtsD+XLsTLT23pOT7UeKBMxoirzL1IRg0wZijYrWPpUjOotIavd1ZO8El/Imohxz2nhmERFMQrews5Ac+jZhO0zQzay6dBZ1AXOSVpRRqUZ9p4d4OlO6+6uIlkdurdVHn+lcq3dF+dObQxH4TwLSyE29aath0IRzoYFJzd root@ubuntu-xenial
-----END SSH HOST KEY KEYS-----
[   28.271732] cloud-init[1805]: Cloud-init v. 18.3-9-g2e62cb8a-0ubuntu1~16.04.2 running 'modules:final' at Thu, 22 Nov 2018 15:25:59 +0000. Up 26.76 seconds.
[   28.408563] cloud-init[1805]: ci-info: no authorized ssh keys fingerprints found for user ubuntu.
[   28.408965] cloud-init[1805]: Cloud-init v. 18.3-9-g2e62cb8a-0ubuntu1~16.04.2 finished at Thu, 22 Nov 2018 15:26:01 +0000. Datasource DataSourceNoCloud [seed=/dev/sdb][dsmode=net].  Up 28.26 seconds

Ubuntu 16.04.5 LTS ubuntu-xenial ttyS0

ubuntu-xenial login: 